[04-Mar-2017 05:42:26 CST6CDT] mail() on [/home/webde278/public_html/analytics_app/admin/controllers/ajax_controller/comman-ajax-controller.php:181]: To: hitesh.vrinsoft%40gmail.com -- Headers: From: Advance planning analytics app <php1.vrinsoft@gmail.com>  Reply-To:    MIME-Version: 1.0  Content-Type: text/html; charset=ISO-8859-1
[08-Mar-2017 07:29:24 CST6CDT] mail() on [/home/webde278/public_html/project-analytics/admin/controllers/ajax_controller/comman-ajax-controller.php:181]: To: ghanshyam.vrinsoft%40gmail.com -- Headers: From: Advance planning analytics app <php1.vrinsoft@gmail.com>  Reply-To:    MIME-Version: 1.0  Content-Type: text/html; charset=ISO-8859-1
[08-Mar-2017 07:30:20 CST6CDT] mail() on [/home/webde278/public_html/project-analytics/admin/controllers/ajax_controller/comman-ajax-controller.php:181]: To: ghanshyam.vrinsoft%40gmail.com -- Headers: From: Advance planning analytics app <php1.vrinsoft@gmail.com>  Reply-To:    MIME-Version: 1.0  Content-Type: text/html; charset=ISO-8859-1
[08-Mar-2017 07:35:50 CST6CDT] mail() on [/home/webde278/public_html/project-analytics/admin/controllers/ajax_controller/comman-ajax-controller.php:181]: To: ghanshyam.vrinsoft%40gmail.com -- Headers: From: Advance planning analytics app <php1.vrinsoft@gmail.com>  Reply-To:    MIME-Version: 1.0  Content-Type: text/html; charset=ISO-8859-1
[08-Mar-2017 23:08:37 CST6CDT] mail() on [/home/webde278/public_html/project-analytics/admin/controllers/ajax_controller/comman-ajax-controller.php:181]: To: ghanshyam.vrinsoft%40gmail.com -- Headers: From: Advance planning analytics app <php1.vrinsoft@gmail.com>  Reply-To:    MIME-Version: 1.0  Content-Type: text/html; charset=ISO-8859-1
[08-Mar-2017 23:29:34 CST6CDT] mail() on [/home/webde278/public_html/project-analytics/admin/controllers/ajax_controller/comman-ajax-controller.php:183]: To: ghanshyam.vrinsoft%40gmail.com -- Headers: From: Advance planning analytics app <php1.vrinsoft@gmail.com>  Reply-To:    MIME-Version: 1.0  Content-Type: text/html; charset=ISO-8859-1
[08-Mar-2017 23:41:52 CST6CDT] mail() on [/home/webde278/public_html/project-analytics/admin/controllers/ajax_controller/comman-ajax-controller.php:183]: To: ghanshyam.vrinsoft%40gmail.com -- Headers: 
[08-Mar-2017 23:45:37 CST6CDT] mail() on [/home/webde278/public_html/project-analytics/admin/controllers/ajax_controller/comman-ajax-controller.php:183]: To: ghanshyam.vrinsoft%40gmail.com -- Headers: 
[08-Mar-2017 23:45:55 CST6CDT] mail() on [/home/webde278/public_html/project-analytics/admin/controllers/ajax_controller/comman-ajax-controller.php:183]: To: ghanshyam.vrinsoft%40gmail.com -- Headers: 
[08-Mar-2017 23:46:30 CST6CDT] mail() on [/home/webde278/public_html/project-analytics/admin/controllers/ajax_controller/comman-ajax-controller.php:183]: To: ghanshyam.vrinsoft%40gmail.com -- Headers: 
[08-Mar-2017 23:55:22 CST6CDT] mail() on [/home/webde278/public_html/project-analytics/admin/controllers/ajax_controller/comman-ajax-controller.php:183]: To: ghanshyam.vrinsoft@gmail.com -- Headers: 
[08-Mar-2017 23:57:47 CST6CDT] mail() on [/home/webde278/public_html/project-analytics/admin/controllers/ajax_controller/comman-ajax-controller.php:183]: To: ghanshyam.vrinsoft%40gmail.com -- Headers: 
[09-Mar-2017 00:02:26 CST6CDT] mail() on [/home/webde278/public_html/project-analytics/admin/controllers/ajax_controller/comman-ajax-controller.php:183]: To: ghanshyam.vrinsoft%40gmail.com -- Headers: 
[09-Mar-2017 00:02:46 CST6CDT] mail() on [/home/webde278/public_html/project-analytics/admin/controllers/ajax_controller/comman-ajax-controller.php:183]: To: ghanshyam.vrinsoft%40gmail.com -- Headers: 
[09-Mar-2017 00:04:17 CST6CDT] mail() on [/home/webde278/public_html/project-analytics/admin/controllers/ajax_controller/comman-ajax-controller.php:183]: To: ghanshyam.vrinsoft%40gmail.com -- Headers: 
[09-Mar-2017 00:04:54 CST6CDT] mail() on [/home/webde278/public_html/project-analytics/admin/controllers/ajax_controller/comman-ajax-controller.php:183]: To: ghanshyam.vrinsoft%40gmail.com -- Headers: 
[09-Mar-2017 00:06:20 CST6CDT] mail() on [/home/webde278/public_html/project-analytics/admin/controllers/ajax_controller/comman-ajax-controller.php:183]: To: ghanshyam.vrinsoft%40gmail.com -- Headers: 
[09-Mar-2017 00:09:57 CST6CDT] mail() on [/home/webde278/public_html/project-analytics/admin/controllers/ajax_controller/comman-ajax-controller.php:183]: To: ghanshyam.vrinsoft%40gmail.com -- Headers: 
[09-Mar-2017 00:34:55 CST6CDT] mail() on [/home/webde278/public_html/project-analytics/admin/controllers/ajax_controller/comman-ajax-controller.php:183]: To: ghanshyam.vrinsoft%40gmail.com -- Headers: From: Advance planning analytics app <hitesh.vala@vrinsofts.com>  Reply-To:    MIME-Version: 1.0  Content-Type: text/html; charset=ISO-8859-1
[09-Mar-2017 00:54:57 CST6CDT] mail() on [/home/webde278/public_html/project-analytics/admin/controllers/ajax_controller/comman-ajax-controller.php:183]: To: ghanshyam.vrinsoft@gmail.com -- Headers: From: Advance planning analytics app <hitesh.vala@vrinsofts.com>  Reply-To:    MIME-Version: 1.0  Content-Type: text/html; charset=ISO-8859-1
[09-Mar-2017 00:55:43 CST6CDT] mail() on [/home/webde278/public_html/project-analytics/admin/controllers/ajax_controller/comman-ajax-controller.php:183]: To: ghanshyam.vrinsoft@gmail.com -- Headers: From: Advance planning analytics app <hitesh.vala@vrinsofts.com>  Reply-To:    MIME-Version: 1.0  Content-Type: text/html; charset=ISO-8859-1
[09-Mar-2017 00:57:39 CST6CDT] mail() on [/home/webde278/public_html/project-analytics/admin/controllers/ajax_controller/comman-ajax-controller.php:183]: To: ghanshyam.vrinsoft@gmail.com -- Headers: From: Advance planning analytics app <hitesh.vala@vrinsofts.com>  Reply-To:    MIME-Version: 1.0  Content-Type: text/html; charset=ISO-8859-1
[09-Mar-2017 01:01:14 CST6CDT] mail() on [/home/webde278/public_html/project-analytics/admin/controllers/ajax_controller/comman-ajax-controller.php:183]: To: ghanshyam.vrinsoft@gmail.com -- Headers: From: Advance planning analytics app <hitesh.vala@vrinsofts.com>  Reply-To:    MIME-Version: 1.0  Content-Type: text/html; charset=ISO-8859-1
[09-Mar-2017 01:02:02 CST6CDT] mail() on [/home/webde278/public_html/project-analytics/admin/controllers/ajax_controller/comman-ajax-controller.php:183]: To: ghanshyam.vrinsoft@gmail.com -- Headers: From: Advance planning analytics app <hitesh.vala@vrinsofts.com>  Reply-To:    MIME-Version: 1.0  Content-Type: text/html; charset=ISO-8859-1
[09-Mar-2017 01:03:10 CST6CDT] mail() on [/home/webde278/public_html/project-analytics/admin/controllers/ajax_controller/comman-ajax-controller.php:183]: To: ghanshyam.vrinsoft@gmail.com -- Headers: From: Advance planning analytics app <hitesh.vala@vrinsofts.com>  Reply-To:    MIME-Version: 1.0  Content-Type: text/html; charset=ISO-8859-1
[09-Mar-2017 01:04:20 CST6CDT] mail() on [/home/webde278/public_html/project-analytics/admin/controllers/ajax_controller/comman-ajax-controller.php:183]: To: ghanshyam.vrinsoft@gmail.com -- Headers: From: Advance planning analytics app <hitesh.vala@vrinsofts.com>  Reply-To:    MIME-Version: 1.0  Content-Type: text/html; charset=ISO-8859-1
