[09-Mar-2017 00:21:13 CST6CDT] mail() on [/home/webde278/public_html/project-analytics/api/webapi_signup.php:104]: To: valahp1@gmail.com -- Headers: MIME-Version: 1.0  Content-type: text/html; charset=iso-8859-1  From: hitesh.vala@vrinsofts.com
[09-Mar-2017 00:31:27 CST6CDT] mail() on [/home/webde278/public_html/project-analytics/api/webapi_signup.php:104]: To: valashp@gmail.com -- Headers: MIME-Version: 1.0  Content-type: text/html; charset=iso-8859-1  From: hitesh.vala@vrinsofts.com
[09-Mar-2017 00:35:15 CST6CDT] mail() on [/home/webde278/public_html/project-analytics/api/webapi_signup.php:104]: To: valasqhp@gmail.com -- Headers: MIME-Version: 1.0  Content-type: text/html; charset=iso-8859-1  From: hitesh.vala@vrinsofts.com
[09-Mar-2017 00:54:57 CST6CDT] mail() on [/home/webde278/public_html/project-analytics/api/webapi_signup.php:104]: To: valassqhp@gmail.com -- Headers: MIME-Version: 1.0  Content-type: text/html; charset=iso-8859-1  From: hitesh.vala@vrinsofts.com
[09-Mar-2017 07:00:32 CST6CDT] mail() on [/home/webde278/public_html/project-analytics/api/webapi_signup.php:104]: To: valahp@gmail.com -- Headers: MIME-Version: 1.0  Content-type: text/html; charset=iso-8859-1  From: hitesh.vala@vrinsofts.com
[09-Mar-2017 22:03:05 CST6CDT] mail() on [/home/webde278/public_html/project-analytics/api/webapi_signup.php:104]: To: vishal.gohil@vrinsofts.com -- Headers: MIME-Version: 1.0  Content-type: text/html; charset=iso-8859-1  From: hitesh.vala@vrinsofts.com
[09-Mar-2017 22:20:33 CST6CDT] mail() on [/home/webde278/public_html/project-analytics/api/webapi_signup.php:104]: To: himanshu.patel@vrinsofts.com -- Headers: MIME-Version: 1.0  Content-type: text/html; charset=iso-8859-1  From: hitesh.vala@vrinsofts.com
[10-Mar-2017 00:24:42 CST6CDT] mail() on [/home/webde278/public_html/project-analytics/api/webapi_signup.php:104]: To: vishal.dhamecha@vrinsofts.com -- Headers: MIME-Version: 1.0  Content-type: text/html; charset=iso-8859-1  From: hitesh.vala@vrinsofts.com
[10-Mar-2017 00:31:44 CST6CDT] mail() on [/home/webde278/public_html/project-analytics/api/webapi_signup.php:104]: To: vishal.dhamecha@gmail.com -- Headers: MIME-Version: 1.0  Content-type: text/html; charset=iso-8859-1  From: hitesh.vala@vrinsofts.com
[10-Mar-2017 00:50:21 CST6CDT] mail() on [/home/webde278/public_html/project-analytics/api/webapi_signup.php:104]: To: hpvala@gmail.com -- Headers: MIME-Version: 1.0  Content-type: text/html; charset=iso-8859-1  From: hitesh.vala@vrinsofts.com
[10-Mar-2017 01:04:28 CST6CDT] mail() on [/home/webde278/public_html/project-analytics/api/webapi_signup.php:104]: To: vishal.gohil@vrinsofts.com -- Headers: MIME-Version: 1.0  Content-type: text/html; charset=iso-8859-1  From: hitesh.vala@vrinsofts.com
[10-Mar-2017 01:09:53 CST6CDT] mail() on [/home/webde278/public_html/project-analytics/api/webapi_signup.php:104]: To: hitesh.vala@vrinsofts.com -- Headers: MIME-Version: 1.0  Content-type: text/html; charset=iso-8859-1  From: hitesh.vala@vrinsofts.com
[14-Mar-2017 00:26:01 CST6CDT] mail() on [/home/webde278/public_html/project-analytics/api/webapi_signup.php:104]: To: n@gmail.com -- Headers: MIME-Version: 1.0  Content-type: text/html; charset=iso-8859-1  From: hitesh.vala@vrinsofts.com
[14-Mar-2017 01:11:40 CST6CDT] mail() on [/home/webde278/public_html/project-analytics/api/webapi_signup.php:104]: To: a@gmail.com -- Headers: MIME-Version: 1.0  Content-type: text/html; charset=iso-8859-1  From: hitesh.vala@vrinsofts.com
[15-Mar-2017 01:00:44 CST6CDT] mail() on [/home/webde278/public_html/project-analytics/api/webapi_signup.php:104]: To: b@gmail.com -- Headers: MIME-Version: 1.0  Content-type: text/html; charset=iso-8859-1  From: hitesh.vala@vrinsofts.com
[15-Mar-2017 05:53:28 CST6CDT] mail() on [/home/webde278/public_html/project-analytics/api/webapi_signup.php:104]: To: c@gmail.com -- Headers: MIME-Version: 1.0  Content-type: text/html; charset=iso-8859-1  From: hitesh.vala@vrinsofts.com
[15-Mar-2017 23:46:45 CST6CDT] mail() on [/home/webde278/public_html/project-analytics/api/webapi_signup.php:104]: To: a@gmail.com -- Headers: MIME-Version: 1.0  Content-type: text/html; charset=iso-8859-1  From: hitesh.vala@vrinsofts.com
[16-Mar-2017 01:44:38 CST6CDT] mail() on [/home/webde278/public_html/project-analytics/api/webapi_signup.php:104]: To: a@gmail.com -- Headers: MIME-Version: 1.0  Content-type: text/html; charset=iso-8859-1  From: hitesh.vala@vrinsofts.com
[16-Mar-2017 02:00:05 CST6CDT] mail() on [/home/webde278/public_html/project-analytics/api/webapi_signup.php:104]: To: b@gmail.com -- Headers: MIME-Version: 1.0  Content-type: text/html; charset=iso-8859-1  From: hitesh.vala@vrinsofts.com
[16-Mar-2017 11:55:24 CST6CDT] mail() on [/home/webde278/public_html/project-analytics/api/webapi_signup.php:104]: To: Cesar.ramos@advancedplanninganalytics.com -- Headers: MIME-Version: 1.0  Content-type: text/html; charset=iso-8859-1  From: hitesh.vala@vrinsofts.com
[17-Mar-2017 04:10:26 CST6CDT] mail() on [/home/webde278/public_html/project-analytics/api/webapi_signup.php:104]: To: c@gmail.com -- Headers: MIME-Version: 1.0  Content-type: text/html; charset=iso-8859-1  From: hitesh.vala@vrinsofts.com
[17-Mar-2017 23:31:25 CST6CDT] mail() on [/home/webde278/public_html/project-analytics/api/webapi_signup.php:104]: To: baba@gmail.com -- Headers: MIME-Version: 1.0  Content-type: text/html; charset=iso-8859-1  From: hitesh.vala@vrinsofts.com
[19-Mar-2017 23:53:53 CST6CDT] mail() on [/home/webde278/public_html/project-analytics/api/webapi_signup.php:104]: To: mrpatel@gmail.com -- Headers: MIME-Version: 1.0  Content-type: text/html; charset=iso-8859-1  From: hitesh.vala@vrinsofts.com
[19-Mar-2017 23:53:53 CST6CDT] mail() on [/home/webde278/public_html/project-analytics/api/webapi_signup.php:104]: To: mrpatel@gmail.com -- Headers: MIME-Version: 1.0  Content-type: text/html; charset=iso-8859-1  From: hitesh.vala@vrinsofts.com
[20-Mar-2017 13:32:37 CST6CDT] mail() on [/home/webde278/public_html/project-analytics/api/webapi_signup.php:104]: To: hourcc@yahoo.com -- Headers: MIME-Version: 1.0  Content-type: text/html; charset=iso-8859-1  From: hitesh.vala@vrinsofts.com
[21-Mar-2017 04:49:37 CST6CDT] mail() on [/home/webde278/public_html/project-analytics/api/webapi_signup.php:104]: To: hshs@gmail.com -- Headers: MIME-Version: 1.0  Content-type: text/html; charset=iso-8859-1  From: hitesh.vala@vrinsofts.com
[21-Mar-2017 06:27:40 CST6CDT] mail() on [/home/webde278/public_html/project-analytics/api/webapi_signup.php:104]: To: yeys@gmail.com -- Headers: MIME-Version: 1.0  Content-type: text/html; charset=iso-8859-1  From: hitesh.vala@vrinsofts.com
[21-Mar-2017 06:34:45 CST6CDT] mail() on [/home/webde278/public_html/project-analytics/api/webapi_signup.php:104]: To: ggg@gmail.com -- Headers: MIME-Version: 1.0  Content-type: text/html; charset=iso-8859-1  From: hitesh.vala@vrinsofts.com
[21-Mar-2017 06:43:27 CST6CDT] mail() on [/home/webde278/public_html/project-analytics/api/webapi_signup.php:104]: To: abc@gmail.com -- Headers: MIME-Version: 1.0  Content-type: text/html; charset=iso-8859-1  From: hitesh.vala@vrinsofts.com
[21-Mar-2017 23:59:06 CST6CDT] mail() on [/home/webde278/public_html/project-analytics/api/webapi_signup.php:104]: To: valahp@gmail.com -- Headers: MIME-Version: 1.0  Content-type: text/html; charset=iso-8859-1  From: hitesh.vala@vrinsofts.com
[22-Mar-2017 01:39:25 CST6CDT] mail() on [/home/webde278/public_html/project-analytics/api/webapi_signup.php:104]: To: Nirali@gmail.com -- Headers: MIME-Version: 1.0  Content-type: text/html; charset=iso-8859-1  From: hitesh.vala@vrinsofts.com
[22-Mar-2017 01:55:30 CST6CDT] mail() on [/home/webde278/public_html/project-analytics/api/webapi_signup.php:104]: To: nirali@yahoo.com -- Headers: MIME-Version: 1.0  Content-type: text/html; charset=iso-8859-1  From: hitesh.vala@vrinsofts.com
[22-Mar-2017 03:38:46 CST6CDT] mail() on [/home/webde278/public_html/project-analytics/api/webapi_signup.php:104]: To: test@gmail.com -- Headers: MIME-Version: 1.0  Content-type: text/html; charset=iso-8859-1  From: hitesh.vala@vrinsofts.com
[22-Mar-2017 03:39:06 CST6CDT] mail() on [/home/webde278/public_html/project-analytics/api/webapi_signup.php:104]: To: abcde@gmail.com -- Headers: MIME-Version: 1.0  Content-type: text/html; charset=iso-8859-1  From: hitesh.vala@vrinsofts.com
[22-Mar-2017 03:54:53 CST6CDT] mail() on [/home/webde278/public_html/project-analytics/api/webapi_signup.php:104]: To: aa@aa.aa -- Headers: MIME-Version: 1.0  Content-type: text/html; charset=iso-8859-1  From: hitesh.vala@vrinsofts.com
[22-Mar-2017 03:57:41 CST6CDT] mail() on [/home/webde278/public_html/project-analytics/api/webapi_signup.php:104]: To: abc@gmail.commm -- Headers: MIME-Version: 1.0  Content-type: text/html; charset=iso-8859-1  From: hitesh.vala@vrinsofts.com
[22-Mar-2017 04:22:57 CST6CDT] mail() on [/home/webde278/public_html/project-analytics/api/webapi_signup.php:104]: To: abcdef@gmail.com -- Headers: MIME-Version: 1.0  Content-type: text/html; charset=iso-8859-1  From: hitesh.vala@vrinsofts.com
[22-Mar-2017 04:34:43 CST6CDT] mail() on [/home/webde278/public_html/project-analytics/api/webapi_signup.php:104]: To: john@gmail.com -- Headers: MIME-Version: 1.0  Content-type: text/html; charset=iso-8859-1  From: hitesh.vala@vrinsofts.com
[22-Mar-2017 04:37:52 CST6CDT] mail() on [/home/webde278/public_html/project-analytics/api/webapi_signup.php:104]: To: nnnn@nn.com -- Headers: MIME-Version: 1.0  Content-type: text/html; charset=iso-8859-1  From: hitesh.vala@vrinsofts.com
[22-Mar-2017 05:19:50 CST6CDT] mail() on [/home/webde278/public_html/project-analytics/api/webapi_signup.php:104]: To: nirali.p.vrin@gmail.com -- Headers: MIME-Version: 1.0  Content-type: text/html; charset=iso-8859-1  From: hitesh.vala@vrinsofts.com
[22-Mar-2017 05:25:56 CST6CDT] mail() on [/home/webde278/public_html/project-analytics/api/webapi_signup.php:104]: To: ds@gmail.com -- Headers: MIME-Version: 1.0  Content-type: text/html; charset=iso-8859-1  From: hitesh.vala@vrinsofts.com
[22-Mar-2017 05:39:03 CST6CDT] mail() on [/home/webde278/public_html/project-analytics/api/webapi_signup.php:104]: To: nirali.p.132346@gmail.com -- Headers: MIME-Version: 1.0  Content-type: text/html; charset=iso-8859-1  From: hitesh.vala@vrinsofts.com
[22-Mar-2017 08:04:58 CST6CDT] mail() on [/home/webde278/public_html/project-analytics/api/webapi_signup.php:104]: To: yasmik.vrinsoft@gmail.com -- Headers: MIME-Version: 1.0  Content-type: text/html; charset=iso-8859-1  From: hitesh.vala@vrinsofts.com
[22-Mar-2017 08:27:24 CST6CDT] mail() on [/home/webde278/public_html/project-analytics/api/webapi_signup.php:104]: To: sd@th.ghh -- Headers: MIME-Version: 1.0  Content-type: text/html; charset=iso-8859-1  From: hitesh.vala@vrinsofts.com
[22-Mar-2017 11:00:26 CST6CDT] mail() on [/home/webde278/public_html/project-analytics/api/webapi_signup.php:104]: To: a@gmail.com -- Headers: MIME-Version: 1.0  Content-type: text/html; charset=iso-8859-1  From: hitesh.vala@vrinsofts.com
[22-Mar-2017 11:02:06 CST6CDT] mail() on [/home/webde278/public_html/project-analytics/api/webapi_signup.php:104]: To: a@gmail.com -- Headers: MIME-Version: 1.0  Content-type: text/html; charset=iso-8859-1  From: hitesh.vala@vrinsofts.com
[22-Mar-2017 22:17:46 CST6CDT] mail() on [/home/webde278/public_html/project-analytics/api/webapi_signup.php:104]: To: cesar.ramos@advancedplanninganalytics.com -- Headers: MIME-Version: 1.0  Content-type: text/html; charset=iso-8859-1  From: hitesh.vala@vrinsofts.com
[23-Mar-2017 05:14:50 CST6CDT] mail() on [/home/webde278/public_html/project-analytics/api/webapi_signup.php:104]: To: a@gmail.com -- Headers: MIME-Version: 1.0  Content-type: text/html; charset=iso-8859-1  From: hitesh.vala@vrinsofts.com
[23-Mar-2017 05:17:11 CST6CDT] mail() on [/home/webde278/public_html/project-analytics/api/webapi_signup.php:104]: To: a@gmail.com -- Headers: MIME-Version: 1.0  Content-type: text/html; charset=iso-8859-1  From: hitesh.vala@vrinsofts.com
[24-Mar-2017 05:36:28 CST6CDT] mail() on [/home/webde278/public_html/project-analytics/api/webapi_signup.php:104]: To: qwerty@gmail.com -- Headers: MIME-Version: 1.0  Content-type: text/html; charset=iso-8859-1  From: hitesh.vala@vrinsofts.com
[24-Mar-2017 05:39:46 CST6CDT] mail() on [/home/webde278/public_html/project-analytics/api/webapi_signup.php:104]: To: niarli.vrin@gmail.com -- Headers: MIME-Version: 1.0  Content-type: text/html; charset=iso-8859-1  From: hitesh.vala@vrinsofts.com
[24-Mar-2017 08:13:44 CST6CDT] mail() on [/home/webde278/public_html/project-analytics/api/webapi_signup.php:104]: To: yasmik.patel1@gmail.com -- Headers: MIME-Version: 1.0  Content-type: text/html; charset=iso-8859-1  From: hitesh.vala@vrinsofts.com
[24-Mar-2017 14:18:56 CST6CDT] mail() on [/home/webde278/public_html/project-analytics/api/webapi_signup.php:104]: To: cesar.ramos@advancedplanninganalytics.com -- Headers: MIME-Version: 1.0  Content-type: text/html; charset=iso-8859-1  From: hitesh.vala@vrinsofts.com
[26-Mar-2017 23:42:38 CST6CDT] mail() on [/home/webde278/public_html/project-analytics/api/webapi_signup.php:104]: To: nirali@gmail.com -- Headers: MIME-Version: 1.0  Content-type: text/html; charset=iso-8859-1  From: hitesh.vala@vrinsofts.com
[26-Mar-2017 23:56:00 CST6CDT] mail() on [/home/webde278/public_html/project-analytics/api/webapi_signup.php:104]: To: nirali@gmail.com -- Headers: MIME-Version: 1.0  Content-type: text/html; charset=iso-8859-1  From: hitesh.vala@vrinsofts.com
[27-Mar-2017 04:28:56 CST6CDT] mail() on [/home/webde278/public_html/project-analytics/api/webapi_signup.php:104]: To: nirali@gmail.com -- Headers: MIME-Version: 1.0  Content-type: text/html; charset=iso-8859-1  From: hitesh.vala@vrinsofts.com
[27-Mar-2017 04:35:47 CST6CDT] mail() on [/home/webde278/public_html/project-analytics/api/webapi_signup.php:104]: To: nirali@gmail.com -- Headers: MIME-Version: 1.0  Content-type: text/html; charset=iso-8859-1  From: hitesh.vala@vrinsofts.com
[27-Mar-2017 06:04:18 CST6CDT] mail() on [/home/webde278/public_html/project-analytics/api/webapi_signup.php:104]: To: test1@gmail.com -- Headers: MIME-Version: 1.0  Content-type: text/html; charset=iso-8859-1  From: hitesh.vala@vrinsofts.com
[27-Mar-2017 06:07:20 CST6CDT] mail() on [/home/webde278/public_html/project-analytics/api/webapi_signup.php:104]: To: test1@gmail.com -- Headers: MIME-Version: 1.0  Content-type: text/html; charset=iso-8859-1  From: hitesh.vala@vrinsofts.com
[27-Mar-2017 07:05:03 CST6CDT] mail() on [/home/webde278/public_html/project-analytics/api/webapi_signup.php:104]: To: nirali@gmail.com -- Headers: MIME-Version: 1.0  Content-type: text/html; charset=iso-8859-1  From: hitesh.vala@vrinsofts.com
[27-Mar-2017 07:27:08 CST6CDT] mail() on [/home/webde278/public_html/project-analytics/api/webapi_signup.php:104]: To: nirali@gmail.com -- Headers: MIME-Version: 1.0  Content-type: text/html; charset=iso-8859-1  From: hitesh.vala@vrinsofts.com
[28-Mar-2017 04:58:26 CST6CDT] mail() on [/home/webde278/public_html/project-analytics/api/webapi_signup.php:104]: To: dheeraj.vrinsoft@gmail.com -- Headers: MIME-Version: 1.0  Content-type: text/html; charset=iso-8859-1  From: hitesh.vala@vrinsofts.com
[29-Mar-2017 00:39:33 CST6CDT] mail() on [/home/webde278/public_html/project-analytics/api/webapi_signup.php:104]: To: nirali@gmail.com -- Headers: MIME-Version: 1.0  Content-type: text/html; charset=iso-8859-1  From: hitesh.vala@vrinsofts.com
[29-Mar-2017 05:49:16 CST6CDT] mail() on [/home/webde278/public_html/project-analytics/api/webapi_signup.php:104]: To: krish@gmail.com -- Headers: MIME-Version: 1.0  Content-type: text/html; charset=iso-8859-1  From: hitesh.vala@vrinsofts.com
[29-Mar-2017 05:50:54 CST6CDT] mail() on [/home/webde278/public_html/project-analytics/api/webapi_signup.php:104]: To: knknkn@gmail.com -- Headers: MIME-Version: 1.0  Content-type: text/html; charset=iso-8859-1  From: hitesh.vala@vrinsofts.com
[29-Mar-2017 05:52:41 CST6CDT] mail() on [/home/webde278/public_html/project-analytics/api/webapi_signup.php:104]: To: roshn@gmail.com -- Headers: MIME-Version: 1.0  Content-type: text/html; charset=iso-8859-1  From: hitesh.vala@vrinsofts.com
[29-Mar-2017 05:54:00 CST6CDT] mail() on [/home/webde278/public_html/project-analytics/api/webapi_signup.php:104]: To: nirali@gmail.com -- Headers: MIME-Version: 1.0  Content-type: text/html; charset=iso-8859-1  From: hitesh.vala@vrinsofts.com
[29-Mar-2017 05:56:10 CST6CDT] mail() on [/home/webde278/public_html/project-analytics/api/webapi_signup.php:104]: To: d@gmail.com -- Headers: MIME-Version: 1.0  Content-type: text/html; charset=iso-8859-1  From: hitesh.vala@vrinsofts.com
[29-Mar-2017 06:01:25 CST6CDT] mail() on [/home/webde278/public_html/project-analytics/api/webapi_signup.php:104]: To: d@gmail.com -- Headers: MIME-Version: 1.0  Content-type: text/html; charset=iso-8859-1  From: hitesh.vala@vrinsofts.com
[30-Mar-2017 05:29:58 CST6CDT] mail() on [/home/webde278/public_html/project-analytics/api/webapi_signup.php:104]: To: d@gmail.com -- Headers: MIME-Version: 1.0  Content-type: text/html; charset=iso-8859-1  From: hitesh.vala@vrinsofts.com
[30-Mar-2017 05:37:54 CST6CDT] mail() on [/home/webde278/public_html/project-analytics/api/webapi_signup.php:104]: To: d@gmail.com -- Headers: MIME-Version: 1.0  Content-type: text/html; charset=iso-8859-1  From: hitesh.vala@vrinsofts.com
[30-Mar-2017 08:44:16 CST6CDT] mail() on [/home/webde278/public_html/project-analytics/api/webapi_signup.php:104]: To: nirali@gmail.com -- Headers: MIME-Version: 1.0  Content-type: text/html; charset=iso-8859-1  From: hitesh.vala@vrinsofts.com
[30-Mar-2017 08:53:13 CST6CDT] mail() on [/home/webde278/public_html/project-analytics/api/webapi_signup.php:104]: To: yasmik@gmail.com -- Headers: MIME-Version: 1.0  Content-type: text/html; charset=iso-8859-1  From: hitesh.vala@vrinsofts.com
[31-Mar-2017 01:10:15 CST6CDT] mail() on [/home/webde278/public_html/project-analytics/api/webapi_signup.php:104]: To: a@gmail.com -- Headers: MIME-Version: 1.0  Content-type: text/html; charset=iso-8859-1  From: hitesh.vala@vrinsofts.com
[31-Mar-2017 04:07:28 CST6CDT] mail() on [/home/webde278/public_html/project-analytics/api/webapi_signup.php:104]: To: vishal.dhamecha@vrinsofts.com -- Headers: MIME-Version: 1.0  Content-type: text/html; charset=iso-8859-1  From: hitesh.vala@vrinsofts.com
[31-Mar-2017 06:19:20 CST6CDT] mail() on [/home/webde278/public_html/project-analytics/api/webapi_signup.php:104]: To: vishal.dhamecha@vrinsofts.com -- Headers: MIME-Version: 1.0  Content-type: text/html; charset=iso-8859-1  From: hitesh.vala@vrinsofts.com
[31-Mar-2017 23:10:30 CST6CDT] mail() on [/home/webde278/public_html/project-analytics/api/webapi_signup.php:104]: To: vishal.dhamecha@vrinsofts.com -- Headers: MIME-Version: 1.0  Content-type: text/html; charset=iso-8859-1  From: hitesh.vala@vrinsofts.com
[01-Apr-2017 00:50:09 CST6CDT] mail() on [/home/webde278/public_html/project-analytics/api/webapi_signup.php:104]: To: h@gmail.com -- Headers: MIME-Version: 1.0  Content-type: text/html; charset=iso-8859-1  From: hitesh.vala@vrinsofts.com
[01-Apr-2017 03:54:32 CST6CDT] mail() on [/home/webde278/public_html/project-analytics/api/webapi_signup.php:104]: To: a@gmail.com -- Headers: MIME-Version: 1.0  Content-type: text/html; charset=iso-8859-1  From: hitesh.vala@vrinsofts.com
[03-Apr-2017 01:25:40 CST6CDT] mail() on [/home/webde278/public_html/project-analytics/api/webapi_signup.php:104]: To: a@gmail.com -- Headers: MIME-Version: 1.0  Content-type: text/html; charset=iso-8859-1  From: hitesh.vala@vrinsofts.com
[03-Apr-2017 22:32:20 CST6CDT] mail() on [/home/webde278/public_html/project-analytics/api/webapi_signup.php:104]: To: Cesar.ramos@advancedplanninganalytics.com -- Headers: MIME-Version: 1.0  Content-type: text/html; charset=iso-8859-1  From: hitesh.vala@vrinsofts.com
[04-Apr-2017 23:13:08 CST6CDT] mail() on [/home/webde278/public_html/project-analytics/api/webapi_signup.php:104]: To: cesar.ramos@advancedplanninganalytics.com -- Headers: MIME-Version: 1.0  Content-type: text/html; charset=iso-8859-1  From: hitesh.vala@vrinsofts.com
[05-Apr-2017 04:19:13 CST6CDT] mail() on [/home/webde278/public_html/project-analytics/api/webapi_signup.php:104]: To: a@gmail.com -- Headers: MIME-Version: 1.0  Content-type: text/html; charset=iso-8859-1  From: hitesh.vala@vrinsofts.com
[05-Apr-2017 04:34:47 CST6CDT] mail() on [/home/webde278/public_html/project-analytics/api/webapi_signup.php:104]: To: a@gmail.com -- Headers: MIME-Version: 1.0  Content-type: text/html; charset=iso-8859-1  From: hitesh.vala@vrinsofts.com
[05-Apr-2017 12:33:07 CST6CDT] mail() on [/home/webde278/public_html/project-analytics/api/webapi_signup.php:104]: To: cesar.ramos@advancedplanninganalytics.com -- Headers: MIME-Version: 1.0  Content-type: text/html; charset=iso-8859-1  From: hitesh.vala@vrinsofts.com
[05-Apr-2017 15:41:21 CST6CDT] mail() on [/home/webde278/public_html/project-analytics/api/webapi_signup.php:104]: To: cesar.ramos@advancedplanninganalytics.com -- Headers: MIME-Version: 1.0  Content-type: text/html; charset=iso-8859-1  From: hitesh.vala@vrinsofts.com
[05-Apr-2017 15:48:27 CST6CDT] mail() on [/home/webde278/public_html/project-analytics/api/webapi_signup.php:104]: To: cesar.ramos@advancedplanninganalytics.com -- Headers: MIME-Version: 1.0  Content-type: text/html; charset=iso-8859-1  From: hitesh.vala@vrinsofts.com
[05-Apr-2017 15:59:00 CST6CDT] mail() on [/home/webde278/public_html/project-analytics/api/webapi_signup.php:104]: To: cesar.ramos@advancedplanninganalytics.com -- Headers: MIME-Version: 1.0  Content-type: text/html; charset=iso-8859-1  From: hitesh.vala@vrinsofts.com
[05-Apr-2017 22:47:32 CST6CDT] mail() on [/home/webde278/public_html/project-analytics/api/webapi_signup.php:104]: To: cesar.ramos@advancedplanninganalytics.com -- Headers: MIME-Version: 1.0  Content-type: text/html; charset=iso-8859-1  From: hitesh.vala@vrinsofts.com
[05-Apr-2017 23:10:52 CST6CDT] mail() on [/home/webde278/public_html/project-analytics/api/webapi_signup.php:104]: To: cesar.ramos@advancedplanninganalytics.com -- Headers: MIME-Version: 1.0  Content-type: text/html; charset=iso-8859-1  From: hitesh.vala@vrinsofts.com
[06-Apr-2017 05:57:34 CST6CDT] mail() on [/home/webde278/public_html/project-analytics/api/webapi_signup.php:104]: To: cesar.ramos@advancedplanninganalytics.com -- Headers: MIME-Version: 1.0  Content-type: text/html; charset=iso-8859-1  From: hitesh.vala@vrinsofts.com
[06-Apr-2017 17:06:41 CST6CDT] mail() on [/home/webde278/public_html/project-analytics/api/webapi_signup.php:104]: To: cesar.ramos@advancedplanninganalytics.com -- Headers: MIME-Version: 1.0  Content-type: text/html; charset=iso-8859-1  From: hitesh.vala@vrinsofts.com
[07-Apr-2017 00:12:21 CST6CDT] mail() on [/home/webde278/public_html/project-analytics/api/webapi_signup.php:104]: To: vishal@gmail.com -- Headers: MIME-Version: 1.0  Content-type: text/html; charset=iso-8859-1  From: hitesh.vala@vrinsofts.com
[07-Apr-2017 05:34:53 CST6CDT] mail() on [/home/webde278/public_html/project-analytics/api/webapi_signup.php:104]: To: cesar.ramos@advancedplanninganalytics.com -- Headers: MIME-Version: 1.0  Content-type: text/html; charset=iso-8859-1  From: hitesh.vala@vrinsofts.com
[07-Apr-2017 05:34:53 CST6CDT] mail() on [/home/webde278/public_html/project-analytics/api/webapi_signup.php:104]: To: cesar.ramos@advancedplanninganalytics.com -- Headers: MIME-Version: 1.0  Content-type: text/html; charset=iso-8859-1  From: hitesh.vala@vrinsofts.com
[09-Apr-2017 13:12:14 CST6CDT] mail() on [/home/webde278/public_html/project-analytics/api/webapi_signup.php:104]: To: cesar.ramos@advancedplanninganalytics.com -- Headers: MIME-Version: 1.0  Content-type: text/html; charset=iso-8859-1  From: hitesh.vala@vrinsofts.com
[11-Apr-2017 01:09:36 CST6CDT] mail() on [/home/webde278/public_html/project-analytics/api/webapi_signup.php:104]: To: yasmik@vrinsoft.com -- Headers: MIME-Version: 1.0  Content-type: text/html; charset=iso-8859-1  From: hitesh.vala@vrinsofts.com
[11-Apr-2017 01:24:35 CST6CDT] mail() on [/home/webde278/public_html/project-analytics/api/webapi_signup.php:105]: To: ghanshya,.vrinsoft@gmail.com -- Headers: MIME-Version: 1.0  Content-type: text/html; charset=iso-8859-1  From: hitesh.vala@vrinsofts.com
[11-Apr-2017 01:31:26 CST6CDT] mail() on [/home/webde278/public_html/project-analytics/api/webapi_signup.php:105]: To: yasmik@vrinsofts.com -- Headers: MIME-Version: 1.0  Content-type: text/html; charset=iso-8859-1  From: hitesh.vala@vrinsofts.com
[11-Apr-2017 01:32:57 CST6CDT] mail() on [/home/webde278/public_html/project-analytics/api/webapi_signup.php:105]: To: vishal1@gmail.com -- Headers: MIME-Version: 1.0  Content-type: text/html; charset=iso-8859-1  From: hitesh.vala@vrinsofts.com
[11-Apr-2017 01:32:58 CST6CDT] mail() on [/home/webde278/public_html/project-analytics/api/webapi_signup.php:105]: To: vishal123@gmail.com -- Headers: MIME-Version: 1.0  Content-type: text/html; charset=iso-8859-1  From: hitesh.vala@vrinsofts.com
[11-Apr-2017 03:55:50 CST6CDT] mail() on [/home/webde278/public_html/project-analytics/api/webapi_signup.php:154]: To: ghanshyams11@gmail.com -- Headers: MIME-Version: 1.0  Content-type: text/html; charset=iso-8859-1  From: hitesh.vala@vrinsofts.com
[11-Apr-2017 03:58:29 CST6CDT] mail() on [/home/webde278/public_html/project-analytics/api/webapi_signup.php:154]: To: ghanshyams@gmail.com -- Headers: MIME-Version: 1.0  Content-type: text/html; charset=iso-8859-1  From: hitesh.vala@vrinsofts.com
[11-Apr-2017 04:00:55 CST6CDT] mail() on [/home/webde278/public_html/project-analytics/api/webapi_signup.php:154]: To: ghanshyams2908@gmail.com -- Headers: MIME-Version: 1.0  Content-type: text/html; charset=iso-8859-1  From: hitesh.vala@vrinsofts.com
[11-Apr-2017 05:13:30 CST6CDT] mail() on [/home/webde278/public_html/project-analytics/api/webapi_signup.php:154]: To: cesar.ramos@advancedplanninganalytics.com -- Headers: MIME-Version: 1.0  Content-type: text/html; charset=iso-8859-1  From: hitesh.vala@vrinsofts.com
[11-Apr-2017 05:15:09 CST6CDT] mail() on [/home/webde278/public_html/project-analytics/api/webapi_signup.php:154]: To: vishal.dhamecha@vrinsofts.com -- Headers: MIME-Version: 1.0  Content-type: text/html; charset=iso-8859-1  From: hitesh.vala@vrinsofts.com
[11-Apr-2017 05:15:14 CST6CDT] mail() on [/home/webde278/public_html/project-analytics/api/webapi_signup.php:154]: To: nirali.vrinsoft@gmail.com -- Headers: MIME-Version: 1.0  Content-type: text/html; charset=iso-8859-1  From: hitesh.vala@vrinsofts.com
[11-Apr-2017 23:44:01 CST6CDT] mail() on [/home/webde278/public_html/project-analytics/api/webapi_signup.php:154]: To: yasmik@gmail.com -- Headers: MIME-Version: 1.0  Content-type: text/html; charset=iso-8859-1  From: hitesh.vala@vrinsofts.com
[12-Apr-2017 05:55:12 CST6CDT] mail() on [/home/webde278/public_html/project-analytics/api/webapi_signup.php:154]: To: nirali.vronsoft@gmail.com -- Headers: MIME-Version: 1.0  Content-type: text/html; charset=iso-8859-1  From: hitesh.vala@vrinsofts.com
[13-Apr-2017 08:14:44 CST6CDT] mail() on [/home/webde278/public_html/project-analytics/api/webapi_signup.php:154]: To: pratik.dodiya@vrinsofts.com -- Headers: MIME-Version: 1.0  Content-type: text/html; charset=iso-8859-1  From: hitesh.vala@vrinsofts.com
[14-Apr-2017 08:13:34 CST6CDT] mail() on [/home/webde278/public_html/project-analytics/api/webapi_signup.php:154]: To: ghanshyam.vrinsoft@gmail.com -- Headers: MIME-Version: 1.0  Content-type: text/html; charset=iso-8859-1  From: hitesh.vala@vrinsofts.com
[14-Apr-2017 08:48:11 CST6CDT] mail() on [/home/webde278/public_html/project-analytics/api/webapi_signup.php:154]: To: yasmik@vrinsoft.com -- Headers: MIME-Version: 1.0  Content-type: text/html; charset=iso-8859-1  From: hitesh.vala@vrinsofts.com
[20-Apr-2017 06:37:04 CST6CDT] mail() on [/home/webde278/public_html/project-analytics/api/webapi_signup.php:154]: To: pratik@gmail.com -- Headers: MIME-Version: 1.0  Content-type: text/html; charset=iso-8859-1  From: hitesh.vala@vrinsofts.com
[21-Apr-2017 00:40:03 CST6CDT] mail() on [/home/webde278/public_html/project-analytics/api/webapi_contact_us.php:192]: To: ghanshyams011@gmail.com -- Headers: MIME-Version: 1.0  Content-type: text/html; charset=iso-8859-1  From: Advance planning analytics app <ghanshyam.vrinsoft@gmail.com>
[21-Apr-2017 00:40:03 CST6CDT] mail() on [/home/webde278/public_html/project-analytics/api/webapi_contact_us.php:193]: To: ghanshyam.vrinsoft@gmail.com -- Headers: MIME-Version: 1.0  Content-type: text/html; charset=iso-8859-1  From: Advance planning analytics app <ghanshyam.vrinsoft@gmail.com>
[21-Apr-2017 00:40:03 CST6CDT] mail() on [/home/webde278/public_html/project-analytics/api/webapi_contact_us.php:194]: To: ghanshyam.vrinsoft@gmail.com -- Headers: MIME-Version: 1.0  Content-type: text/html; charset=iso-8859-1  From: Advance planning analytics app <ghanshyam.vrinsoft@gmail.com>
[21-Apr-2017 00:45:36 CST6CDT] mail() on [/home/webde278/public_html/project-analytics/api/webapi_contact_us.php:193]: To: ghanshyams011@gmail.com -- Headers: MIME-Version: 1.0  Content-type: text/html; charset=iso-8859-1  From: Advance planning analytics app <ghanshyam.vrinsoft@gmail.com>
[21-Apr-2017 00:45:36 CST6CDT] mail() on [/home/webde278/public_html/project-analytics/api/webapi_contact_us.php:194]: To: ghanshyam.vrinsoft@gmail.com -- Headers: MIME-Version: 1.0  Content-type: text/html; charset=iso-8859-1  From: Advance planning analytics app <ghanshyam.vrinsoft@gmail.com>
[21-Apr-2017 00:45:36 CST6CDT] mail() on [/home/webde278/public_html/project-analytics/api/webapi_contact_us.php:195]: To: ghanshyam.vrinsoft@gmail.com -- Headers: MIME-Version: 1.0  Content-type: text/html; charset=iso-8859-1  From: Advance planning analytics app <ghanshyam.vrinsoft@gmail.com>
[21-Apr-2017 00:47:58 CST6CDT] mail() on [/home/webde278/public_html/project-analytics/api/webapi_contact_us.php:193]: To: ghanshyams011@gmail.com -- Headers: MIME-Version: 1.0  Content-type: text/html; charset=iso-8859-1  From: Advance planning analytics app <ghanshyam.vrinsoft@gmail.com>
[21-Apr-2017 00:47:58 CST6CDT] mail() on [/home/webde278/public_html/project-analytics/api/webapi_contact_us.php:194]: To: ghanshyam.vrinsoft@gmail.com -- Headers: MIME-Version: 1.0  Content-type: text/html; charset=iso-8859-1  From: Advance planning analytics app <ghanshyam.vrinsoft@gmail.com>
[21-Apr-2017 00:47:58 CST6CDT] mail() on [/home/webde278/public_html/project-analytics/api/webapi_contact_us.php:195]: To: ghanshyam.vrinsoft@gmail.com -- Headers: MIME-Version: 1.0  Content-type: text/html; charset=iso-8859-1  From: Advance planning analytics app <ghanshyam.vrinsoft@gmail.com>
[21-Apr-2017 01:01:44 CST6CDT] mail() on [/home/webde278/public_html/project-analytics/api/webapi_contact_us.php:326]: To: ghanshyams011@gmail.com -- Headers: MIME-Version: 1.0  Content-type: text/html; charset=iso-8859-1  From: Advance planning analytics app <ghanshyam.vrinsoft@gmail.com>
[21-Apr-2017 01:01:44 CST6CDT] mail() on [/home/webde278/public_html/project-analytics/api/webapi_contact_us.php:328]: To: ghanshyam.vrinsoft@gmail.com -- Headers: MIME-Version: 1.0  Content-type: text/html; charset=iso-8859-1  From: Advance planning analytics app <ghanshyam.vrinsoft@gmail.com>
[21-Apr-2017 01:02:40 CST6CDT] mail() on [/home/webde278/public_html/project-analytics/api/webapi_contact_us.php:326]: To: ghanshyams011@gmail.com -- Headers: MIME-Version: 1.0  Content-type: text/html; charset=iso-8859-1  From: Advance planning analytics app <ghanshyam.vrinsoft@gmail.com>
[21-Apr-2017 01:02:40 CST6CDT] mail() on [/home/webde278/public_html/project-analytics/api/webapi_contact_us.php:328]: To: ghanshyam.vrinsoft@gmail.com -- Headers: MIME-Version: 1.0  Content-type: text/html; charset=iso-8859-1  From: Advance planning analytics app <ghanshyam.vrinsoft@gmail.com>
[21-Apr-2017 01:06:57 CST6CDT] mail() on [/home/webde278/public_html/project-analytics/api/webapi_contact_us.php:326]: To: ghanshyams011@gmail.com -- Headers: MIME-Version: 1.0  Content-type: text/html; charset=iso-8859-1  From: Advance planning analytics app <ghanshyam.vrinsoft@gmail.com>
[21-Apr-2017 01:06:57 CST6CDT] mail() on [/home/webde278/public_html/project-analytics/api/webapi_contact_us.php:328]: To: ghanshyam.vrinsoft@gmail.com -- Headers: MIME-Version: 1.0  Content-type: text/html; charset=iso-8859-1  From: Advance planning analytics app <ghanshyam.vrinsoft@gmail.com>
[21-Apr-2017 01:35:58 CST6CDT] mail() on [/home/webde278/public_html/project-analytics/api/webapi_contact_us.php:326]: To: vishal.dhamecha@vrinsoft.com -- Headers: MIME-Version: 1.0  Content-type: text/html; charset=iso-8859-1  From: Advance planning analytics app <ghanshyam.vrinsoft@gmail.com>
[21-Apr-2017 01:35:58 CST6CDT] mail() on [/home/webde278/public_html/project-analytics/api/webapi_contact_us.php:328]: To: ghanshyam.vrinsoft@gmail.com -- Headers: MIME-Version: 1.0  Content-type: text/html; charset=iso-8859-1  From: Advance planning analytics app <ghanshyam.vrinsoft@gmail.com>
[21-Apr-2017 03:28:41 CST6CDT] mail() on [/home/webde278/public_html/project-analytics/api/webapi_contact_us.php:326]: To: vishal@gmail.com -- Headers: MIME-Version: 1.0  Content-type: text/html; charset=iso-8859-1  From: Advance planning analytics app <vishal.gohil@vrinsofts.com>
[21-Apr-2017 03:28:41 CST6CDT] mail() on [/home/webde278/public_html/project-analytics/api/webapi_contact_us.php:328]: To: vishal.gohil@vrinsofts.com -- Headers: MIME-Version: 1.0  Content-type: text/html; charset=iso-8859-1  From: Advance planning analytics app <vishal.gohil@vrinsofts.com>
[21-Apr-2017 03:35:49 CST6CDT] mail() on [/home/webde278/public_html/project-analytics/api/webapi_contact_us.php:326]: To: ghanshyams011@gmail.com -- Headers: MIME-Version: 1.0  Content-type: text/html; charset=iso-8859-1  From: Advance planning analytics app <cesar.ramos@advancedplanninganalytics.com>
[21-Apr-2017 03:35:49 CST6CDT] mail() on [/home/webde278/public_html/project-analytics/api/webapi_contact_us.php:328]: To: cesar.ramos@advancedplanninganalytics.com -- Headers: MIME-Version: 1.0  Content-type: text/html; charset=iso-8859-1  From: Advance planning analytics app <cesar.ramos@advancedplanninganalytics.com>
[21-Apr-2017 04:33:46 CST6CDT] mail() on [/home/webde278/public_html/project-analytics/api/webapi_contact_us.php:326]: To: ghanshyams011@gmail.com -- Headers: MIME-Version: 1.0  Content-type: text/html; charset=iso-8859-1  From: Advance planning analytics app <cesar.ramos@advancedplanninganalytics.com>
[21-Apr-2017 04:33:46 CST6CDT] mail() on [/home/webde278/public_html/project-analytics/api/webapi_contact_us.php:328]: To: cesar.ramos@advancedplanninganalytics.com -- Headers: MIME-Version: 1.0  Content-type: text/html; charset=iso-8859-1  From: Advance planning analytics app <cesar.ramos@advancedplanninganalytics.com>
[21-Apr-2017 05:24:44 CST6CDT] mail() on [/home/webde278/public_html/project-analytics/api/webapi_contact_us.php:326]: To: nirali.vrinsoft@gmail.com -- Headers: MIME-Version: 1.0  Content-type: text/html; charset=iso-8859-1  From: Advance planning analytics app <cesar.ramos@advancedplanninganalytics.com>
[21-Apr-2017 05:24:44 CST6CDT] mail() on [/home/webde278/public_html/project-analytics/api/webapi_contact_us.php:328]: To: cesar.ramos@advancedplanninganalytics.com -- Headers: MIME-Version: 1.0  Content-type: text/html; charset=iso-8859-1  From: Advance planning analytics app <cesar.ramos@advancedplanninganalytics.com>
[22-Apr-2017 21:51:51 CST6CDT] mail() on [/home/webde278/public_html/project-analytics/api/webapi_contact_us.php:326]: To: hourcc@yahoo.com -- Headers: MIME-Version: 1.0  Content-type: text/html; charset=iso-8859-1  From: Advance planning analytics app <cesar.ramos@advancedplanninganalytics.com>
[22-Apr-2017 21:51:51 CST6CDT] mail() on [/home/webde278/public_html/project-analytics/api/webapi_contact_us.php:328]: To: cesar.ramos@advancedplanninganalytics.com -- Headers: MIME-Version: 1.0  Content-type: text/html; charset=iso-8859-1  From: Advance planning analytics app <cesar.ramos@advancedplanninganalytics.com>
[24-Apr-2017 05:22:56 CST6CDT] mail() on [/home/webde278/public_html/project-analytics/api/webapi_contact_us.php:326]: To: nirali.vrinsoft@gmail.com -- Headers: MIME-Version: 1.0  Content-type: text/html; charset=iso-8859-1  From: Advance planning analytics app <cesar.ramos@advancedplanninganalytics.com>
[24-Apr-2017 05:22:56 CST6CDT] mail() on [/home/webde278/public_html/project-analytics/api/webapi_contact_us.php:328]: To: cesar.ramos@advancedplanninganalytics.com -- Headers: MIME-Version: 1.0  Content-type: text/html; charset=iso-8859-1  From: Advance planning analytics app <cesar.ramos@advancedplanninganalytics.com>
[24-Apr-2017 08:39:20 CST6CDT] mail() on [/home/webde278/public_html/project-analytics/api/webapi_contact_us.php:326]: To: krishna.vrinsofts@gmail.com -- Headers: MIME-Version: 1.0  Content-type: text/html; charset=iso-8859-1  From: Advance planning analytics app <cesar.ramos@advancedplanninganalytics.com>
[24-Apr-2017 08:39:20 CST6CDT] mail() on [/home/webde278/public_html/project-analytics/api/webapi_contact_us.php:328]: To: cesar.ramos@advancedplanninganalytics.com -- Headers: MIME-Version: 1.0  Content-type: text/html; charset=iso-8859-1  From: Advance planning analytics app <cesar.ramos@advancedplanninganalytics.com>
[24-Apr-2017 10:18:27 CST6CDT] mail() on [/home/webde278/public_html/project-analytics/api/webapi_contact_us.php:326]: To: test@gmail.com -- Headers: MIME-Version: 1.0  Content-type: text/html; charset=iso-8859-1  From: Advance planning analytics app <cesar.ramos@advancedplanninganalytics.com>
[24-Apr-2017 10:18:27 CST6CDT] mail() on [/home/webde278/public_html/project-analytics/api/webapi_contact_us.php:328]: To: cesar.ramos@advancedplanninganalytics.com -- Headers: MIME-Version: 1.0  Content-type: text/html; charset=iso-8859-1  From: Advance planning analytics app <cesar.ramos@advancedplanninganalytics.com>
[24-Apr-2017 23:47:17 CST6CDT] mail() on [/home/webde278/public_html/project-analytics/api/webapi_signup.php:154]: To: vishal@gmail.com -- Headers: MIME-Version: 1.0  Content-type: text/html; charset=iso-8859-1  From: cesar.ramos@advancedplanninganalytics.com
[24-Apr-2017 23:48:02 CST6CDT] mail() on [/home/webde278/public_html/project-analytics/api/webapi_contact_us.php:326]: To: vishal.dhamecha@vrinsofts.com -- Headers: MIME-Version: 1.0  Content-type: text/html; charset=iso-8859-1  From: Advance planning analytics app <cesar.ramos@advancedplanninganalytics.com>
[24-Apr-2017 23:48:02 CST6CDT] mail() on [/home/webde278/public_html/project-analytics/api/webapi_contact_us.php:328]: To: cesar.ramos@advancedplanninganalytics.com -- Headers: MIME-Version: 1.0  Content-type: text/html; charset=iso-8859-1  From: Advance planning analytics app <cesar.ramos@advancedplanninganalytics.com>
[24-Apr-2017 23:49:00 CST6CDT] mail() on [/home/webde278/public_html/project-analytics/api/webapi_contact_us.php:326]: To: vishal@gmail.com -- Headers: MIME-Version: 1.0  Content-type: text/html; charset=iso-8859-1  From: Advance planning analytics app <vishal.vrinsoft@gmail.com>
[24-Apr-2017 23:49:00 CST6CDT] mail() on [/home/webde278/public_html/project-analytics/api/webapi_contact_us.php:328]: To: vishal.vrinsoft@gmail.com -- Headers: MIME-Version: 1.0  Content-type: text/html; charset=iso-8859-1  From: Advance planning analytics app <vishal.vrinsoft@gmail.com>
[24-Apr-2017 23:54:31 CST6CDT] mail() on [/home/webde278/public_html/project-analytics/api/webapi_contact_us.php:326]: To: gg@gmail.com -- Headers: MIME-Version: 1.0  Content-type: text/html; charset=iso-8859-1  From: Advance planning analytics app <vishal.vrinsoft@gmail.com>
[24-Apr-2017 23:54:31 CST6CDT] mail() on [/home/webde278/public_html/project-analytics/api/webapi_contact_us.php:328]: To: vishal.vrinsoft@gmail.com -- Headers: MIME-Version: 1.0  Content-type: text/html; charset=iso-8859-1  From: Advance planning analytics app <vishal.vrinsoft@gmail.com>
[28-Apr-2017 09:35:33 CST6CDT] mail() on [/home/webde278/public_html/project-analytics/api/webapi_signup.php:154]: To: pratik@gmail.con -- Headers: MIME-Version: 1.0  Content-type: text/html; charset=iso-8859-1  From: vishal.dhamecha@vrinsofts.com
